<?xml version="1.0" encoding="utf-8"?><testsuites><testsuite name="pytest" errors="0" failures="0" skipped="0" tests="16" time="0.351" timestamp="2026-06-06T15:48:05.962766" hostname="Spaces-MBP.lan"><testcase classname="tests.test_api" name="test_api_health" time="0.175" /><testcase classname="tests.test_api" name="test_api_docs_available" time="0.004" /><testcase classname="tests.test_api" name="test_openapi_schema" time="0.055" /><testcase classname="tests.test_api.TestHealthEndpoint" name="test_docs_endpoint_exists" time="0.003" /><testcase classname="tests.test_api.TestHealthEndpoint" name="test_openapi_schema_valid" time="0.006" /><testcase classname="tests.test_fixtures.TestSampleData" name="test_user_data_structure" time="0.001" /><testcase classname="tests.test_fixtures.TestSampleData" name="test_user_email_valid" time="0.001" /><testcase classname="tests.test_fixtures.TestSampleData" name="test_lesson_data_structure" time="0.001" /><testcase classname="tests.test_fixtures.TestSampleData" name="test_lesson_level_valid" time="0.001" /><testcase classname="tests.test_utils.TestMathOperations" name="test_addition" time="0.000" /><testcase classname="tests.test_utils.TestMathOperations" name="test_subtraction" time="0.001" /><testcase classname="tests.test_utils.TestMathOperations" name="test_multiplication" time="0.001" /><testcase classname="tests.test_utils.TestMathOperations" name="test_division" time="0.000" /><testcase classname="tests.test_utils.TestStringOperations" name="test_string_concatenation" time="0.001" /><testcase classname="tests.test_utils.TestStringOperations" name="test_string_length" time="0.001" /><testcase classname="tests.test_utils.TestStringOperations" name="test_string_formatting" time="0.001" /></testsuite></testsuites>